<?xml version="1.0" encoding="UTF-8"?>
<testsuite xmlns:xsi="http://www.w3.org/2001/XMLSchema-instance" xsi:noNamespaceSchemaLocation="https://maven.apache.org/surefire/maven-surefire-plugin/xsd/surefire-test-report-3.0.xsd" version="3.0" name="com.cognizant.springlearn.SpringLearnApplicationTests" time="3.104" tests="3" errors="0" skipped="0" failures="0">
  <properties>
[...]
</properties>
  <testcase name="testGetCountryException" classname="com.cognizant.springlearn.SpringLearnApplicationTests" time="0.552">
    <system-out><![CDATA[23:05:13.932 [main] INFO org.springframework.test.context.support.AnnotationConfigContextLoaderUtils -- Could not detect default configuration classes for test class [com.cognizant.springlearn.SpringLearnApplicationTests]: SpringLearnApplicationTests does not declare any static, non-private, non-final, nested classes annotated with @Configuration.
23:05:14.031 [main] INFO org.springframework.boot.test.context.SpringBootTestContextBootstrapper -- Found @SpringBootConfiguration com.cognizant.springlearn.SpringLearnApplication for test class com.cognizant.springlearn.SpringLearnApplicationTests

  .   ____          _            __ _ _
 /\\ / ___'_ __ _ _(_)_ __  __ _ \ \ \ \
( ( )\___ | '_ | '_| | '_ \/ _` | \ \ \ \
 \\/  ___)| |_)| | | | | || (_| |  ) ) ) )
  '  |____| .__|_| |_|_| |_\__, | / / / /
 =========|_|==============|___/=/_/_/_/
 :: Spring Boot ::                (v3.2.5)

260718|23:05:14.463|main                | INFO|ringLearnApplicationTests|              logStarting|Starting SpringLearnApplicationTests using Java 25 with PID 13196 (started by Hp in C:\Users\Hp\Downloads\Deepskilling\Practicing\week-3)
260718|23:05:14.465|main                |DEBUG|ringLearnApplicationTests|              logStarting|Running with Spring Boot v3.2.5, Spring v6.1.6
260718|23:05:14.465|main                | INFO|ringLearnApplicationTests|    logStartupProfileInfo|No active profile set, falling back to 1 default profile: "default"
260718|23:05:15.241|main                |DEBUG|c.c.s.c.CountryController|                   <init>|Inside CountryController Constructor.
260718|23:05:15.244|main                | INFO|c.c.s.s.CountryService   |                   <init>|START - CountryService Constructor
260718|23:05:15.304|main                |DEBUG|c.c.springlearn.Country  |                   <init>|Inside Country Constructor.
260718|23:05:15.307|main                |DEBUG|c.c.springlearn.Country  |                  setCode|Inside Country setCode() method. Setting value: IN
260718|23:05:15.308|main                |DEBUG|c.c.springlearn.Country  |                  setName|Inside Country setName() method. Setting value: India
260718|23:05:15.308|main                |DEBUG|c.c.springlearn.Country  |                   <init>|Inside Country Constructor.
260718|23:05:15.308|main                |DEBUG|c.c.springlearn.Country  |                  setCode|Inside Country setCode() method. Setting value: IN
260718|23:05:15.308|main                |DEBUG|c.c.springlearn.Country  |                  setName|Inside Country setName() method. Setting value: India
260718|23:05:15.308|main                |DEBUG|c.c.springlearn.Country  |                   <init>|Inside Country Constructor.
260718|23:05:15.310|main                |DEBUG|c.c.springlearn.Country  |                  setCode|Inside Country setCode() method. Setting value: US
260718|23:05:15.310|main                |DEBUG|c.c.springlearn.Country  |                  setName|Inside Country setName() method. Setting value: United States
260718|23:05:15.310|main                |DEBUG|c.c.springlearn.Country  |                   <init>|Inside Country Constructor.
260718|23:05:15.310|main                |DEBUG|c.c.springlearn.Country  |                  setCode|Inside Country setCode() method. Setting value: DE
260718|23:05:15.310|main                |DEBUG|c.c.springlearn.Country  |                  setName|Inside Country setName() method. Setting value: Germany
260718|23:05:15.310|main                |DEBUG|c.c.springlearn.Country  |                   <init>|Inside Country Constructor.
260718|23:05:15.310|main                |DEBUG|c.c.springlearn.Country  |                  setCode|Inside Country setCode() method. Setting value: JP
260718|23:05:15.310|main                |DEBUG|c.c.springlearn.Country  |                  setName|Inside Country setName() method. Setting value: Japan
260718|23:05:15.314|main                |DEBUG|c.c.s.s.CountryService   |                   <init>|Loaded countries: [Country{code='IN', name='India'}, Country{code='US', name='United States'}, Country{code='DE', name='Germany'}, Country{code='JP', name='Japan'}]
260718|23:05:15.314|main                | INFO|c.c.s.s.CountryService   |                   <init>|END - CountryService Constructor
260718|23:05:15.319|main                | INFO|c.c.s.dao.DepartmentDao  |                   <init>|START - DepartmentDao Constructor
260718|23:05:15.370|main                |DEBUG|c.c.s.dao.DepartmentDao  |                   <init>|Loaded departments count: 3
260718|23:05:15.370|main                | INFO|c.c.s.dao.DepartmentDao  |                   <init>|END - DepartmentDao Constructor
260718|23:05:15.388|main                | INFO|c.c.s.dao.EmployeeDao    |                   <init>|START - EmployeeDao Constructor
260718|23:05:15.415|main                |DEBUG|c.c.s.dao.EmployeeDao    |                   <init>|Loaded employees count: 4
260718|23:05:15.415|main                | INFO|c.c.s.dao.EmployeeDao    |                   <init>|END - EmployeeDao Constructor
260718|23:05:15.517|main                | INFO|c.c.s.s.SecurityConfig   |       userDetailsService|START - userDetailsService config
260718|23:05:15.520|main                | INFO|c.c.s.s.SecurityConfig   |          passwordEncoder|START - PasswordEncoder creation
260718|23:05:15.861|main                | INFO|c.c.s.s.SecurityConfig   |              filterChain|START - filterChain config
260718|23:05:15.876|main                | INFO|.s.JwtAuthorizationFilter|                   <init>|START - JwtAuthorizationFilter Constructor
260718|23:05:15.877|main                |DEBUG|.s.JwtAuthorizationFilter|                   <init>|AuthenticationManager: org.springframework.security.authentication.ProviderManager@6a0f2853
260718|23:05:15.877|main                | INFO|.s.JwtAuthorizationFilter|                   <init>|END - JwtAuthorizationFilter Constructor
260718|23:05:15.877|main                | INFO|c.c.s.s.SecurityConfig   |              filterChain|END - filterChain config
260718|23:05:15.898|main                | INFO|efaultSecurityFilterChain|                   <init>|Will secure any request with [org.springframework.security.web.session.DisableEncodeUrlFilter@43cb5f38, org.springframework.security.web.context.request.async.WebAsyncManagerIntegrationFilter@6435fa1c, org.springframework.security.web.context.SecurityContextHolderFilter@115ca7de, org.springframework.security.web.header.HeaderWriterFilter@1ba467c2, org.springframework.web.filter.CorsFilter@7944b8b4, org.springframework.security.web.authentication.logout.LogoutFilter@25be445f, com.cognizant.springlearn.security.JwtAuthorizationFilter@d7bbf12, org.springframework.security.web.authentication.www.BasicAuthenticationFilter@2d2b6960, org.springframework.security.web.savedrequest.RequestCacheAwareFilter@7f287b98, org.springframework.security.web.servletapi.SecurityContextHolderAwareRequestFilter@4684240f, org.springframework.security.web.authentication.AnonymousAuthenticationFilter@1450131a, org.springframework.security.web.access.ExceptionTranslationFilter@546394ed, org.springframework.security.web.access.intercept.AuthorizationFilter@66383c29]
260718|23:05:16.161|main                | INFO|ingBootMockServletContext|                      log|Initializing Spring TestDispatcherServlet ''
260718|23:05:16.161|main                | INFO|w.s.TestDispatcherServlet|          initServletBean|Initializing Servlet ''
260718|23:05:16.162|main                | INFO|w.s.TestDispatcherServlet|          initServletBean|Completed initialization in 1 ms
260718|23:05:16.181|main                | INFO|ringLearnApplicationTests|               logStarted|Started SpringLearnApplicationTests in 1.99 seconds (process running for 2.821)
260718|23:05:16.185|main                | INFO|.s.SpringLearnApplication|lambda$runSpringCoreDemos$0|==========================================
260718|23:05:16.185|main                | INFO|.s.SpringLearnApplication|lambda$runSpringCoreDemos$0|   STARTING SPRING CORE XML LOADING DEMOS 
260718|23:05:16.185|main                | INFO|.s.SpringLearnApplication|lambda$runSpringCoreDemos$0|==========================================
260718|23:05:16.185|main                | INFO|.s.SpringLearnApplication|              displayDate|START - displayDate
260718|23:05:16.200|main                |DEBUG|.s.SpringLearnApplication|              displayDate|Parsed Date: Mon Dec 31 00:00:00 IST 2018
260718|23:05:16.201|main                | INFO|.s.SpringLearnApplication|              displayDate|END - displayDate
260718|23:05:16.202|main                | INFO|.s.SpringLearnApplication|           displayCountry|START - displayCountry
260718|23:05:16.214|main                |DEBUG|c.c.springlearn.Country  |                   <init>|Inside Country Constructor.
260718|23:05:16.215|main                |DEBUG|c.c.springlearn.Country  |                  setCode|Inside Country setCode() method. Setting value: IN
260718|23:05:16.216|main                |DEBUG|c.c.springlearn.Country  |                  setName|Inside Country setName() method. Setting value: India
260718|23:05:16.216|main                |DEBUG|c.c.springlearn.Country  |                   <init>|Inside Country Constructor.
260718|23:05:16.216|main                |DEBUG|c.c.springlearn.Country  |                  setCode|Inside Country setCode() method. Setting value: IN
260718|23:05:16.216|main                |DEBUG|c.c.springlearn.Country  |                  setName|Inside Country setName() method. Setting value: India
260718|23:05:16.216|main                |DEBUG|c.c.springlearn.Country  |                   <init>|Inside Country Constructor.
260718|23:05:16.217|main                |DEBUG|c.c.springlearn.Country  |                  setCode|Inside Country setCode() method. Setting value: US
260718|23:05:16.217|main                |DEBUG|c.c.springlearn.Country  |                  setName|Inside Country setName() method. Setting value: United States
260718|23:05:16.217|main                |DEBUG|c.c.springlearn.Country  |                   <init>|Inside Country Constructor.
260718|23:05:16.217|main                |DEBUG|c.c.springlearn.Country  |                  setCode|Inside Country setCode() method. Setting value: DE
260718|23:05:16.218|main                |DEBUG|c.c.springlearn.Country  |                  setName|Inside Country setName() method. Setting value: Germany
260718|23:05:16.218|main                |DEBUG|c.c.springlearn.Country  |                   <init>|Inside Country Constructor.
260718|23:05:16.218|main                |DEBUG|c.c.springlearn.Country  |                  setCode|Inside Country setCode() method. Setting value: JP
260718|23:05:16.218|main                |DEBUG|c.c.springlearn.Country  |                  setName|Inside Country setName() method. Setting value: Japan
260718|23:05:16.220|main                | INFO|.s.SpringLearnApplication|           displayCountry|Requesting country bean 1st time...
260718|23:05:16.220|main                | INFO|.s.SpringLearnApplication|           displayCountry|Requesting country bean 2nd time...
260718|23:05:16.220|main                |DEBUG|.s.SpringLearnApplication|           displayCountry|Country 1: Country{code='IN', name='India'}
260718|23:05:16.220|main                |DEBUG|.s.SpringLearnApplication|           displayCountry|Country 2: Country{code='IN', name='India'}
260718|23:05:16.220|main                | INFO|.s.SpringLearnApplication|           displayCountry|END - displayCountry
260718|23:05:16.220|main                | INFO|.s.SpringLearnApplication|         displayCountries|START - displayCountries
260718|23:05:16.235|main                |DEBUG|c.c.springlearn.Country  |                   <init>|Inside Country Constructor.
260718|23:05:16.237|main                |DEBUG|c.c.springlearn.Country  |                  setCode|Inside Country setCode() method. Setting value: IN
260718|23:05:16.237|main                |DEBUG|c.c.springlearn.Country  |                  setName|Inside Country setName() method. Setting value: India
260718|23:05:16.237|main                |DEBUG|c.c.springlearn.Country  |                   <init>|Inside Country Constructor.
260718|23:05:16.237|main                |DEBUG|c.c.springlearn.Country  |                  setCode|Inside Country setCode() method. Setting value: IN
260718|23:05:16.238|main                |DEBUG|c.c.springlearn.Country  |                  setName|Inside Country setName() method. Setting value: India
260718|23:05:16.238|main                |DEBUG|c.c.springlearn.Country  |                   <init>|Inside Country Constructor.
260718|23:05:16.238|main                |DEBUG|c.c.springlearn.Country  |                  setCode|Inside Country setCode() method. Setting value: US
260718|23:05:16.239|main                |DEBUG|c.c.springlearn.Country  |                  setName|Inside Country setName() method. Setting value: United States
260718|23:05:16.239|main                |DEBUG|c.c.springlearn.Country  |                   <init>|Inside Country Constructor.
260718|23:05:16.239|main                |DEBUG|c.c.springlearn.Country  |                  setCode|Inside Country setCode() method. Setting value: DE
260718|23:05:16.239|main                |DEBUG|c.c.springlearn.Country  |                  setName|Inside Country setName() method. Setting value: Germany
260718|23:05:16.239|main                |DEBUG|c.c.springlearn.Country  |                   <init>|Inside Country Constructor.
260718|23:05:16.240|main                |DEBUG|c.c.springlearn.Country  |                  setCode|Inside Country setCode() method. Setting value: JP
260718|23:05:16.240|main                |DEBUG|c.c.springlearn.Country  |                  setName|Inside Country setName() method. Setting value: Japan
260718|23:05:16.242|main                |DEBUG|.s.SpringLearnApplication|         displayCountries|Country List: [Country{code='IN', name='India'}, Country{code='US', name='United States'}, Country{code='DE', name='Germany'}, Country{code='JP', name='Japan'}]
260718|23:05:16.242|main                | INFO|.s.SpringLearnApplication|         displayCountries|END - displayCountries
260718|23:05:16.243|main                | INFO|.s.SpringLearnApplication|lambda$runSpringCoreDemos$0|==========================================
260718|23:05:16.243|main                | INFO|.s.SpringLearnApplication|lambda$runSpringCoreDemos$0|   SPRING CORE XML LOADING DEMOS COMPLETE 
260718|23:05:16.243|main                | INFO|.s.SpringLearnApplication|lambda$runSpringCoreDemos$0|==========================================
260718|23:05:16.785|main                | INFO|.s.JwtAuthorizationFilter|         doFilterInternal|START - doFilterInternal
260718|23:05:16.786|main                |DEBUG|.s.JwtAuthorizationFilter|         doFilterInternal|Authorization Header: null
260718|23:05:16.786|main                |DEBUG|.s.JwtAuthorizationFilter|         doFilterInternal|No Bearer token found in header. Proceeding.
260718|23:05:16.800|main                | INFO|c.c.s.c.CountryController|               getCountry|START - getCountry code: az
260718|23:05:16.801|main                | INFO|c.c.s.s.CountryService   |               getCountry|START - getCountry code: az
260718|23:05:16.802|main                |DEBUG|c.c.springlearn.Country  |                  getCode|Inside Country getCode() method. Value: IN
260718|23:05:16.802|main                |DEBUG|c.c.springlearn.Country  |                  getCode|Inside Country getCode() method. Value: US
260718|23:05:16.802|main                |DEBUG|c.c.springlearn.Country  |                  getCode|Inside Country getCode() method. Value: DE
260718|23:05:16.802|main                |DEBUG|c.c.springlearn.Country  |                  getCode|Inside Country getCode() method. Value: JP
260718|23:05:16.802|main                |ERROR|c.c.s.s.CountryService   |               getCountry|Country not found: az
]]></system-out>
    <system-err><![CDATA[WARNING: A Java agent has been loaded dynamically (C:\Users\Hp\.m2\repository\net\bytebuddy\byte-buddy-agent\1.14.13\byte-buddy-agent-1.14.13.jar)
WARNING: If a serviceability tool is in use, please run with -XX:+EnableDynamicAgentLoading to hide this warning
WARNING: If a serviceability tool is not in use, please run with -Djdk.instrument.traceUsage for more information
WARNING: Dynamic loading of agents will be disallowed by default in a future release
]]></system-err>
  </testcase>
  <testcase name="contextLoads" classname="com.cognizant.springlearn.SpringLearnApplicationTests" time="0.01"/>
  <testcase name="testGetCountry" classname="com.cognizant.springlearn.SpringLearnApplicationTests" time="0.08">
    <system-out><![CDATA[260718|23:05:16.844|main                | INFO|.s.JwtAuthorizationFilter|         doFilterInternal|START - doFilterInternal
260718|23:05:16.845|main                |DEBUG|.s.JwtAuthorizationFilter|         doFilterInternal|Authorization Header: null
260718|23:05:16.845|main                |DEBUG|.s.JwtAuthorizationFilter|         doFilterInternal|No Bearer token found in header. Proceeding.
260718|23:05:16.845|main                | INFO|c.c.s.c.CountryController|          getCountryIndia|START - getCountryIndia
260718|23:05:16.846|main                | INFO|c.c.s.s.CountryService   |               getCountry|START - getCountry code: IN
260718|23:05:16.846|main                |DEBUG|c.c.springlearn.Country  |                  getCode|Inside Country getCode() method. Value: IN
260718|23:05:16.846|main                | INFO|c.c.s.s.CountryService   |               getCountry|END - getCountry
260718|23:05:16.846|main                |DEBUG|c.c.s.c.CountryController|          getCountryIndia|Returning default country: Country{code='IN', name='India'}
260718|23:05:16.847|main                | INFO|c.c.s.c.CountryController|          getCountryIndia|END - getCountryIndia
260718|23:05:16.888|main                |DEBUG|c.c.springlearn.Country  |                  getCode|Inside Country getCode() method. Value: IN
260718|23:05:16.888|main                |DEBUG|c.c.springlearn.Country  |                  getName|Inside Country getName() method. Value: India
]]></system-out>
  </testcase>
</testsuite>